<?xml version="1.0" encoding="UTF-8"?>
<testng-results ignored="0" total="1" passed="1" failed="0" skipped="0">
  <reporter-output>
  </reporter-output>
  <suite started-at="2022-10-20T11:50:47 IST" name="Default suite" finished-at="2022-10-20T11:51:08 IST" duration-ms="21212">
    <groups>
    </groups>
    <test started-at="2022-10-20T11:50:47 IST" name="Default test" finished-at="2022-10-20T11:51:08 IST" duration-ms="21212">
      <class name="com.invoice.InvoiceTest">
        <test-method is-config="true" signature="beforeMethod()[pri:0, instance:com.invoice.InvoiceTest@1b2abca6]" started-at="2022-10-20T11:50:47 IST" name="beforeMethod" finished-at="2022-10-20T11:50:54 IST" duration-ms="6671" status="PASS">
          <reporter-output>
          </reporter-output>
        </test-method> <!-- beforeMethod -->
        <test-method signature="saveInvoiceDetails()[pri:0, instance:com.invoice.InvoiceTest@1b2abca6]" started-at="2022-10-20T11:50:54 IST" name="saveInvoiceDetails" finished-at="2022-10-20T11:51:08 IST" duration-ms="14503" status="PASS">
          <reporter-output>
          </reporter-output>
        </test-method> <!-- saveInvoiceDetails -->
        <test-method is-config="true" signature="afterMethod()[pri:0, instance:com.invoice.InvoiceTest@1b2abca6]" started-at="2022-10-20T11:51:08 IST" name="afterMethod" finished-at="2022-10-20T11:51:08 IST" duration-ms="0" status="PASS">
          <reporter-output>
          </reporter-output>
        </test-method> <!-- afterMethod -->
      </class> <!-- com.invoice.InvoiceTest -->
    </test> <!-- Default test -->
  </suite> <!-- Default suite -->
</testng-results>
